2021-03-13 18:07:14 INFO  AirportServiceImpl:52 - Total capacity cargo of all 'null' airplane = '0'
2021-03-13 18:09:26 INFO  AirportServiceImpl:52 - Total capacity cargo of all 'null' airplane = '0'
2021-03-13 18:10:19 INFO  AirportServiceImpl:52 - Total capacity cargo of all 'null' airplane = '0'
2021-03-13 18:14:13 INFO  AirportServiceImpl:52 - Total capacity cargo of all 'null' airplane = '0'
2021-03-13 18:18:00 INFO  AirportServiceImpl:52 - Total capacity cargo of all 'null' airplane = '700'
2021-03-13 18:18:50 INFO  AirportServiceImpl:52 - Total capacity cargo of all 'null' airplane = '700'
2021-03-13 18:18:50 INFO  AirportServiceImpl:39 - Total capacity passenger of all 'null' airplane = '350'
2021-03-13 18:21:24 INFO  AirportServiceImpl:52 - Total capacity cargo of all 'null' airplane = '700'
2021-03-13 18:21:24 INFO  AirportServiceImpl:39 - Total capacity passenger of all 'null' airplane = '350'
2021-03-14 12:06:36 INFO  AirportServiceImpl:52 - Total capacity cargo of all 'null' airplane = '700'
2021-03-14 12:06:36 INFO  AirportServiceImpl:39 - Total capacity passenger of all 'null' airplane = '550'
2021-03-14 15:43:49 INFO  AirportServiceImpl:48 - Total capacity cargo of all 'null' airplane = '700'
2021-03-14 15:43:49 INFO  AirportServiceImpl:37 - Total capacity passenger of all 'null' airplane = '550'
2021-03-14 15:45:20 INFO  AirportServiceImpl:48 - Total capacity cargo of all 'null' airplane = '700'
2021-03-14 15:45:20 INFO  AirportServiceImpl:37 - Total capacity passenger of all 'null' airplane = '550'
2021-03-14 15:46:16 INFO  AirportServiceImpl:48 - Total capacity cargo of all 'null' airplane = '700'
2021-03-14 15:46:16 INFO  AirportServiceImpl:37 - Total capacity passenger of all 'null' airplane = '550'
2021-03-14 15:47:05 INFO  AirplaneServiceImpl:15 - New cargo airplane created. Airplane name = 'IL-76'
2021-03-15 21:01:43 INFO  AirLineCompanyServiceImpl:45 - Total capacity cargo of all 'null' airplane = '0'
2021-03-15 21:08:12 INFO  AirLineCompanyServiceImpl:45 - Total capacity cargo of all 'null' airplane = '0'
2021-03-15 21:08:21 INFO  AirLineCompanyServiceImpl:45 - Total capacity cargo of all 'null' airplane = '0'
2021-03-15 21:25:41 INFO  AirLineCompanyServiceImpl:46 - Total capacity cargo of all 'null' airplane = '0'
2021-03-15 21:40:14 INFO  AirLineCompanyServiceImpl:46 - Total capacity cargo of all 'null' airplane = '700'
2021-03-15 21:40:36 INFO  AirLineCompanyServiceImpl:46 - Total capacity cargo of all 'null' airplane = '700'
2021-03-15 21:41:03 INFO  AirLineCompanyServiceImpl:35 - Total capacity passenger of all 'null' airplane = '350'
2021-03-15 22:05:45 INFO  AirLineCompanyServiceImpl:54 - Sort airplane by distance...
2021-03-15 22:06:02 INFO  AirLineCompanyServiceImpl:54 - Sort airplane by distance...
2021-03-18 18:26:36 INFO  AirLineCompanyServiceImpl:54 - Sort airplane by distance...
2021-03-18 18:27:15 INFO  AirLineCompanyServiceImpl:54 - Sort airplane by distance...
